<?xml version="1.0" encoding="UTF-8"?>
<testng-results skipped="0" failed="0" ignored="0" total="1" passed="1">
  <reporter-output>
  </reporter-output>
  <suite name="Default suite" duration-ms="14780" started-at="2020-05-18T23:05:01 IST" finished-at="2020-05-18T23:05:16 IST">
    <groups>
    </groups>
    <test name="Default test" duration-ms="14780" started-at="2020-05-18T23:05:01 IST" finished-at="2020-05-18T23:05:16 IST">
      <class name="SeleniumProject.ScreenCapture">
        <test-method status="PASS" signature="openBrowser()[pri:0, instance:SeleniumProject.ScreenCapture@3e9b1010]" name="openBrowser" duration-ms="14699" started-at="2020-05-18T23:05:01 IST" finished-at="2020-05-18T23:05:16 IST">
          <reporter-output>
          </reporter-output>
        </test-method> <!-- openBrowser -->
      </class> <!-- SeleniumProject.ScreenCapture -->
    </test> <!-- Default test -->
  </suite> <!-- Default suite -->
</testng-results>
